<?xml version="1.0" encoding="UTF-8"?>
<!-- Generated by org.testng.reporters.JUnitReportReporter -->
<testsuite hostname="192.168.1.203" failures="0" tests="1" name="SampleTest.Test1" time="0.004" errors="0" timestamp="2024-01-14T18:14:41 GMT" skipped="0">
  <testcase classname="SampleTest.Test1" name="testWithParameter" time="0.004"/>
  <system-out/>
</testsuite> <!-- SampleTest.Test1 -->
